/home/rakib/.rvm/gems/ruby-2.0.0-p353/gems/devise-3.2.4/lib/devise/rails/routes.rb:481:in `raise_no_secret_key': Devise.secret_key was not set. Please add the following to your Devise initializer:

  config.secret_key = 'ac6778a8fce68321060984ce660828d85adf184c716a0b1189c2707fbe549dea8e00d06779218be91a8bd952f28c1140bc45d9407507040bbd1f99f9966d4466'

Please ensure you restarted your application after installing Devise or setting the key.
 (RuntimeError)
	from /home/rakib/.rvm/gems/ruby-2.0.0-p353/gems/devise-3.2.4/lib/devise/rails/routes.rb:206:in `devise_for'
	from /home/rakib/work_space/odesk/Scheduling/config/routes.rb:3:in `block in <top (required)>'
	from /home/rakib/.rvm/gems/ruby-2.0.0-p353/gems/actionpack-4.1.0/lib/action_dispatch/routing/route_set.rb:335:in `instance_exec'
	from /home/rakib/.rvm/gems/ruby-2.0.0-p353/gems/actionpack-4.1.0/lib/action_dispatch/routing/route_set.rb:335:in `eval_block'
	from /home/rakib/.rvm/gems/ruby-2.0.0-p353/gems/actionpack-4.1.0/lib/action_dispatch/routing/route_set.rb:313:in `draw'
	from /home/rakib/work_space/odesk/Scheduling/config/routes.rb:1:in `<top (required)>'
	from /home/rakib/.rvm/gems/ruby-2.0.0-p353/gems/activesupport-4.1.0/lib/active_support/dependencies.rb:241:in `load'
	from /home/rakib/.rvm/gems/ruby-2.0.0-p353/gems/activesupport-4.1.0/lib/active_support/dependencies.rb:241:in `block in load'
	from /home/rakib/.rvm/gems/ruby-2.0.0-p353/gems/activesupport-4.1.0/lib/active_support/dependencies.rb:232:in `load_dependency'
	from /home/rakib/.rvm/gems/ruby-2.0.0-p353/gems/activesupport-4.1.0/lib/active_support/dependencies.rb:241:in `load'
	from /home/rakib/.rvm/gems/ruby-2.0.0-p353/gems/railties-4.1.0/lib/rails/application/routes_reloader.rb:40:in `block in load_paths'
	from /home/rakib/.rvm/gems/ruby-2.0.0-p353/gems/railties-4.1.0/lib/rails/application/routes_reloader.rb:40:in `each'
	from /home/rakib/.rvm/gems/ruby-2.0.0-p353/gems/railties-4.1.0/lib/rails/application/routes_reloader.rb:40:in `load_paths'
	from /home/rakib/.rvm/gems/ruby-2.0.0-p353/gems/railties-4.1.0/lib/rails/application/routes_reloader.rb:16:in `reload!'
	from /home/rakib/.rvm/gems/ruby-2.0.0-p353/gems/railties-4.1.0/lib/rails/application.rb:149:in `reload_routes!'
	from /home/rakib/.rvm/gems/ruby-2.0.0-p353/gems/devise-3.2.4/lib/devise/rails.rb:14:in `block in <class:Engine>'
	from /home/rakib/.rvm/gems/ruby-2.0.0-p353/gems/activesupport-4.1.0/lib/active_support/lazy_load_hooks.rb:36:in `call'
	from /home/rakib/.rvm/gems/ruby-2.0.0-p353/gems/activesupport-4.1.0/lib/active_support/lazy_load_hooks.rb:36:in `execute_hook'
	from /home/rakib/.rvm/gems/ruby-2.0.0-p353/gems/activesupport-4.1.0/lib/active_support/lazy_load_hooks.rb:45:in `block in run_load_hooks'
	from /home/rakib/.rvm/gems/ruby-2.0.0-p353/gems/activesupport-4.1.0/lib/active_support/lazy_load_hooks.rb:44:in `each'
	from /home/rakib/.rvm/gems/ruby-2.0.0-p353/gems/activesupport-4.1.0/lib/active_support/lazy_load_hooks.rb:44:in `run_load_hooks'
	from /home/rakib/.rvm/gems/ruby-2.0.0-p353/gems/railties-4.1.0/lib/rails/application/finisher.rb:57:in `block in <module:Finisher>'
	from /home/rakib/.rvm/gems/ruby-2.0.0-p353/gems/railties-4.1.0/lib/rails/initializable.rb:30:in `instance_exec'
	from /home/rakib/.rvm/gems/ruby-2.0.0-p353/gems/railties-4.1.0/lib/rails/initializable.rb:30:in `run'
	from /home/rakib/.rvm/gems/ruby-2.0.0-p353/gems/railties-4.1.0/lib/rails/initializable.rb:55:in `block in run_initializers'
	from /home/rakib/.rvm/rubies/ruby-2.0.0-p353/lib/ruby/2.0.0/tsort.rb:150:in `block in tsort_each'
	from /home/rakib/.rvm/rubies/ruby-2.0.0-p353/lib/ruby/2.0.0/tsort.rb:183:in `block (2 levels) in each_strongly_connected_component'
	from /home/rakib/.rvm/rubies/ruby-2.0.0-p353/lib/ruby/2.0.0/tsort.rb:219:in `each_strongly_connected_component_from'
	from /home/rakib/.rvm/rubies/ruby-2.0.0-p353/lib/ruby/2.0.0/tsort.rb:182:in `block in each_strongly_connected_component'
	from /home/rakib/.rvm/rubies/ruby-2.0.0-p353/lib/ruby/2.0.0/tsort.rb:180:in `each'
	from /home/rakib/.rvm/rubies/ruby-2.0.0-p353/lib/ruby/2.0.0/tsort.rb:180:in `each_strongly_connected_component'
	from /home/rakib/.rvm/rubies/ruby-2.0.0-p353/lib/ruby/2.0.0/tsort.rb:148:in `tsort_each'
	from /home/rakib/.rvm/gems/ruby-2.0.0-p353/gems/railties-4.1.0/lib/rails/initializable.rb:54:in `run_initializers'
	from /home/rakib/.rvm/gems/ruby-2.0.0-p353/gems/railties-4.1.0/lib/rails/application.rb:288:in `initialize!'
	from /home/rakib/work_space/odesk/Scheduling/config/environment.rb:5:in `<top (required)>'
	from /home/rakib/.rvm/gems/ruby-2.0.0-p353/gems/activesupport-4.1.0/lib/active_support/dependencies.rb:247:in `require'
	from /home/rakib/.rvm/gems/ruby-2.0.0-p353/gems/activesupport-4.1.0/lib/active_support/dependencies.rb:247:in `block in require'
	from /home/rakib/.rvm/gems/ruby-2.0.0-p353/gems/activesupport-4.1.0/lib/active_support/dependencies.rb:232:in `load_dependency'
	from /home/rakib/.rvm/gems/ruby-2.0.0-p353/gems/activesupport-4.1.0/lib/active_support/dependencies.rb:247:in `require'
	from /home/rakib/.rvm/gems/ruby-2.0.0-p353/gems/spring-1.1.3/lib/spring/application.rb:92:in `preload'
	from /home/rakib/.rvm/gems/ruby-2.0.0-p353/gems/spring-1.1.3/lib/spring/application.rb:140:in `serve'
	from /home/rakib/.rvm/gems/ruby-2.0.0-p353/gems/spring-1.1.3/lib/spring/application.rb:128:in `block in run'
	from /home/rakib/.rvm/gems/ruby-2.0.0-p353/gems/spring-1.1.3/lib/spring/application.rb:122:in `loop'
	from /home/rakib/.rvm/gems/ruby-2.0.0-p353/gems/spring-1.1.3/lib/spring/application.rb:122:in `run'
	from /home/rakib/.rvm/gems/ruby-2.0.0-p353/gems/spring-1.1.3/lib/spring/application/boot.rb:18:in `<top (required)>'
	from /home/rakib/.rvm/rubies/ruby-2.0.0-p353/lib/ruby/site_ruby/2.0.0/rubygems/core_ext/kernel_require.rb:55:in `require'
	from /home/rakib/.rvm/rubies/ruby-2.0.0-p353/lib/ruby/site_ruby/2.0.0/rubygems/core_ext/kernel_require.rb:55:in `require'
	from -e:1:in `<main>'
/home/rakib/.rvm/gems/ruby-2.0.0-p353/gems/devise-3.2.4/lib/devise/rails/routes.rb:481:in `raise_no_secret_key': Devise.secret_key was not set. Please add the following to your Devise initializer:

  config.secret_key = '5b8882493a8f2571a26b26a59e74f9af2d8429eadedf1b3f2d3259eae92f7875e1387d9045fc87d898f90f29522851fd899c8f72a2d974cb3d6e9308367d46c3'

Please ensure you restarted your application after installing Devise or setting the key.
 (RuntimeError)
	from /home/rakib/.rvm/gems/ruby-2.0.0-p353/gems/devise-3.2.4/lib/devise/rails/routes.rb:206:in `devise_for'
	from /home/rakib/work_space/odesk/Scheduling/config/routes.rb:3:in `block in <top (required)>'
	from /home/rakib/.rvm/gems/ruby-2.0.0-p353/gems/actionpack-4.1.0/lib/action_dispatch/routing/route_set.rb:335:in `instance_exec'
	from /home/rakib/.rvm/gems/ruby-2.0.0-p353/gems/actionpack-4.1.0/lib/action_dispatch/routing/route_set.rb:335:in `eval_block'
	from /home/rakib/.rvm/gems/ruby-2.0.0-p353/gems/actionpack-4.1.0/lib/action_dispatch/routing/route_set.rb:313:in `draw'
	from /home/rakib/work_space/odesk/Scheduling/config/routes.rb:1:in `<top (required)>'
	from /home/rakib/.rvm/gems/ruby-2.0.0-p353/gems/activesupport-4.1.0/lib/active_support/dependencies.rb:241:in `load'
	from /home/rakib/.rvm/gems/ruby-2.0.0-p353/gems/activesupport-4.1.0/lib/active_support/dependencies.rb:241:in `block in load'
	from /home/rakib/.rvm/gems/ruby-2.0.0-p353/gems/activesupport-4.1.0/lib/active_support/dependencies.rb:232:in `load_dependency'
	from /home/rakib/.rvm/gems/ruby-2.0.0-p353/gems/activesupport-4.1.0/lib/active_support/dependencies.rb:241:in `load'
	from /home/rakib/.rvm/gems/ruby-2.0.0-p353/gems/railties-4.1.0/lib/rails/application/routes_reloader.rb:40:in `block in load_paths'
	from /home/rakib/.rvm/gems/ruby-2.0.0-p353/gems/railties-4.1.0/lib/rails/application/routes_reloader.rb:40:in `each'
	from /home/rakib/.rvm/gems/ruby-2.0.0-p353/gems/railties-4.1.0/lib/rails/application/routes_reloader.rb:40:in `load_paths'
	from /home/rakib/.rvm/gems/ruby-2.0.0-p353/gems/railties-4.1.0/lib/rails/application/routes_reloader.rb:16:in `reload!'
	from /home/rakib/.rvm/gems/ruby-2.0.0-p353/gems/railties-4.1.0/lib/rails/application.rb:149:in `reload_routes!'
	from /home/rakib/.rvm/gems/ruby-2.0.0-p353/gems/devise-3.2.4/lib/devise/rails.rb:14:in `block in <class:Engine>'
	from /home/rakib/.rvm/gems/ruby-2.0.0-p353/gems/activesupport-4.1.0/lib/active_support/lazy_load_hooks.rb:36:in `call'
	from /home/rakib/.rvm/gems/ruby-2.0.0-p353/gems/activesupport-4.1.0/lib/active_support/lazy_load_hooks.rb:36:in `execute_hook'
	from /home/rakib/.rvm/gems/ruby-2.0.0-p353/gems/activesupport-4.1.0/lib/active_support/lazy_load_hooks.rb:45:in `block in run_load_hooks'
	from /home/rakib/.rvm/gems/ruby-2.0.0-p353/gems/activesupport-4.1.0/lib/active_support/lazy_load_hooks.rb:44:in `each'
	from /home/rakib/.rvm/gems/ruby-2.0.0-p353/gems/activesupport-4.1.0/lib/active_support/lazy_load_hooks.rb:44:in `run_load_hooks'
	from /home/rakib/.rvm/gems/ruby-2.0.0-p353/gems/railties-4.1.0/lib/rails/application/finisher.rb:57:in `block in <module:Finisher>'
	from /home/rakib/.rvm/gems/ruby-2.0.0-p353/gems/railties-4.1.0/lib/rails/initializable.rb:30:in `instance_exec'
	from /home/rakib/.rvm/gems/ruby-2.0.0-p353/gems/railties-4.1.0/lib/rails/initializable.rb:30:in `run'
	from /home/rakib/.rvm/gems/ruby-2.0.0-p353/gems/railties-4.1.0/lib/rails/initializable.rb:55:in `block in run_initializers'
	from /home/rakib/.rvm/rubies/ruby-2.0.0-p353/lib/ruby/2.0.0/tsort.rb:150:in `block in tsort_each'
	from /home/rakib/.rvm/rubies/ruby-2.0.0-p353/lib/ruby/2.0.0/tsort.rb:183:in `block (2 levels) in each_strongly_connected_component'
	from /home/rakib/.rvm/rubies/ruby-2.0.0-p353/lib/ruby/2.0.0/tsort.rb:219:in `each_strongly_connected_component_from'
	from /home/rakib/.rvm/rubies/ruby-2.0.0-p353/lib/ruby/2.0.0/tsort.rb:182:in `block in each_strongly_connected_component'
	from /home/rakib/.rvm/rubies/ruby-2.0.0-p353/lib/ruby/2.0.0/tsort.rb:180:in `each'
	from /home/rakib/.rvm/rubies/ruby-2.0.0-p353/lib/ruby/2.0.0/tsort.rb:180:in `each_strongly_connected_component'
	from /home/rakib/.rvm/rubies/ruby-2.0.0-p353/lib/ruby/2.0.0/tsort.rb:148:in `tsort_each'
	from /home/rakib/.rvm/gems/ruby-2.0.0-p353/gems/railties-4.1.0/lib/rails/initializable.rb:54:in `run_initializers'
	from /home/rakib/.rvm/gems/ruby-2.0.0-p353/gems/railties-4.1.0/lib/rails/application.rb:288:in `initialize!'
	from /home/rakib/work_space/odesk/Scheduling/config/environment.rb:5:in `<top (required)>'
	from /home/rakib/.rvm/gems/ruby-2.0.0-p353/gems/activesupport-4.1.0/lib/active_support/dependencies.rb:247:in `require'
	from /home/rakib/.rvm/gems/ruby-2.0.0-p353/gems/activesupport-4.1.0/lib/active_support/dependencies.rb:247:in `block in require'
	from /home/rakib/.rvm/gems/ruby-2.0.0-p353/gems/activesupport-4.1.0/lib/active_support/dependencies.rb:232:in `load_dependency'
	from /home/rakib/.rvm/gems/ruby-2.0.0-p353/gems/activesupport-4.1.0/lib/active_support/dependencies.rb:247:in `require'
	from /home/rakib/.rvm/gems/ruby-2.0.0-p353/gems/spring-1.1.3/lib/spring/application.rb:92:in `preload'
	from /home/rakib/.rvm/gems/ruby-2.0.0-p353/gems/spring-1.1.3/lib/spring/application.rb:140:in `serve'
	from /home/rakib/.rvm/gems/ruby-2.0.0-p353/gems/spring-1.1.3/lib/spring/application.rb:128:in `block in run'
	from /home/rakib/.rvm/gems/ruby-2.0.0-p353/gems/spring-1.1.3/lib/spring/application.rb:122:in `loop'
	from /home/rakib/.rvm/gems/ruby-2.0.0-p353/gems/spring-1.1.3/lib/spring/application.rb:122:in `run'
	from /home/rakib/.rvm/gems/ruby-2.0.0-p353/gems/spring-1.1.3/lib/spring/application/boot.rb:18:in `<top (required)>'
	from /home/rakib/.rvm/rubies/ruby-2.0.0-p353/lib/ruby/site_ruby/2.0.0/rubygems/core_ext/kernel_require.rb:55:in `require'
	from /home/rakib/.rvm/rubies/ruby-2.0.0-p353/lib/ruby/site_ruby/2.0.0/rubygems/core_ext/kernel_require.rb:55:in `require'
	from -e:1:in `<main>'
/home/rakib/.rvm/gems/ruby-2.0.0-p353/gems/devise-3.2.4/lib/devise/rails/routes.rb:481:in `raise_no_secret_key': Devise.secret_key was not set. Please add the following to your Devise initializer:

  config.secret_key = '5df1c740738cfea4cb7a954fe345575a3393a5632bb6b67a3da7eb5e71a21112b5e9696ebd478974521a106f2312adeae022b504ad9c71f5357fd0b2b368b661'

Please ensure you restarted your application after installing Devise or setting the key.
 (RuntimeError)
	from /home/rakib/.rvm/gems/ruby-2.0.0-p353/gems/devise-3.2.4/lib/devise/rails/routes.rb:206:in `devise_for'
	from /home/rakib/work_space/odesk/Scheduling/config/routes.rb:3:in `block in <top (required)>'
	from /home/rakib/.rvm/gems/ruby-2.0.0-p353/gems/actionpack-4.1.0/lib/action_dispatch/routing/route_set.rb:335:in `instance_exec'
	from /home/rakib/.rvm/gems/ruby-2.0.0-p353/gems/actionpack-4.1.0/lib/action_dispatch/routing/route_set.rb:335:in `eval_block'
	from /home/rakib/.rvm/gems/ruby-2.0.0-p353/gems/actionpack-4.1.0/lib/action_dispatch/routing/route_set.rb:313:in `draw'
	from /home/rakib/work_space/odesk/Scheduling/config/routes.rb:1:in `<top (required)>'
	from /home/rakib/.rvm/gems/ruby-2.0.0-p353/gems/activesupport-4.1.0/lib/active_support/dependencies.rb:241:in `load'
	from /home/rakib/.rvm/gems/ruby-2.0.0-p353/gems/activesupport-4.1.0/lib/active_support/dependencies.rb:241:in `block in load'
	from /home/rakib/.rvm/gems/ruby-2.0.0-p353/gems/activesupport-4.1.0/lib/active_support/dependencies.rb:232:in `load_dependency'
	from /home/rakib/.rvm/gems/ruby-2.0.0-p353/gems/activesupport-4.1.0/lib/active_support/dependencies.rb:241:in `load'
	from /home/rakib/.rvm/gems/ruby-2.0.0-p353/gems/railties-4.1.0/lib/rails/application/routes_reloader.rb:40:in `block in load_paths'
	from /home/rakib/.rvm/gems/ruby-2.0.0-p353/gems/railties-4.1.0/lib/rails/application/routes_reloader.rb:40:in `each'
	from /home/rakib/.rvm/gems/ruby-2.0.0-p353/gems/railties-4.1.0/lib/rails/application/routes_reloader.rb:40:in `load_paths'
	from /home/rakib/.rvm/gems/ruby-2.0.0-p353/gems/railties-4.1.0/lib/rails/application/routes_reloader.rb:16:in `reload!'
	from /home/rakib/.rvm/gems/ruby-2.0.0-p353/gems/railties-4.1.0/lib/rails/application.rb:149:in `reload_routes!'
	from /home/rakib/.rvm/gems/ruby-2.0.0-p353/gems/devise-3.2.4/lib/devise/rails.rb:14:in `block in <class:Engine>'
	from /home/rakib/.rvm/gems/ruby-2.0.0-p353/gems/activesupport-4.1.0/lib/active_support/lazy_load_hooks.rb:36:in `call'
	from /home/rakib/.rvm/gems/ruby-2.0.0-p353/gems/activesupport-4.1.0/lib/active_support/lazy_load_hooks.rb:36:in `execute_hook'
	from /home/rakib/.rvm/gems/ruby-2.0.0-p353/gems/activesupport-4.1.0/lib/active_support/lazy_load_hooks.rb:45:in `block in run_load_hooks'
	from /home/rakib/.rvm/gems/ruby-2.0.0-p353/gems/activesupport-4.1.0/lib/active_support/lazy_load_hooks.rb:44:in `each'
	from /home/rakib/.rvm/gems/ruby-2.0.0-p353/gems/activesupport-4.1.0/lib/active_support/lazy_load_hooks.rb:44:in `run_load_hooks'
	from /home/rakib/.rvm/gems/ruby-2.0.0-p353/gems/railties-4.1.0/lib/rails/application/finisher.rb:57:in `block in <module:Finisher>'
	from /home/rakib/.rvm/gems/ruby-2.0.0-p353/gems/railties-4.1.0/lib/rails/initializable.rb:30:in `instance_exec'
	from /home/rakib/.rvm/gems/ruby-2.0.0-p353/gems/railties-4.1.0/lib/rails/initializable.rb:30:in `run'
	from /home/rakib/.rvm/gems/ruby-2.0.0-p353/gems/railties-4.1.0/lib/rails/initializable.rb:55:in `block in run_initializers'
	from /home/rakib/.rvm/rubies/ruby-2.0.0-p353/lib/ruby/2.0.0/tsort.rb:150:in `block in tsort_each'
	from /home/rakib/.rvm/rubies/ruby-2.0.0-p353/lib/ruby/2.0.0/tsort.rb:183:in `block (2 levels) in each_strongly_connected_component'
	from /home/rakib/.rvm/rubies/ruby-2.0.0-p353/lib/ruby/2.0.0/tsort.rb:219:in `each_strongly_connected_component_from'
	from /home/rakib/.rvm/rubies/ruby-2.0.0-p353/lib/ruby/2.0.0/tsort.rb:182:in `block in each_strongly_connected_component'
	from /home/rakib/.rvm/rubies/ruby-2.0.0-p353/lib/ruby/2.0.0/tsort.rb:180:in `each'
	from /home/rakib/.rvm/rubies/ruby-2.0.0-p353/lib/ruby/2.0.0/tsort.rb:180:in `each_strongly_connected_component'
	from /home/rakib/.rvm/rubies/ruby-2.0.0-p353/lib/ruby/2.0.0/tsort.rb:148:in `tsort_each'
	from /home/rakib/.rvm/gems/ruby-2.0.0-p353/gems/railties-4.1.0/lib/rails/initializable.rb:54:in `run_initializers'
	from /home/rakib/.rvm/gems/ruby-2.0.0-p353/gems/railties-4.1.0/lib/rails/application.rb:288:in `initialize!'
	from /home/rakib/work_space/odesk/Scheduling/config/environment.rb:5:in `<top (required)>'
	from /home/rakib/.rvm/gems/ruby-2.0.0-p353/gems/activesupport-4.1.0/lib/active_support/dependencies.rb:247:in `require'
	from /home/rakib/.rvm/gems/ruby-2.0.0-p353/gems/activesupport-4.1.0/lib/active_support/dependencies.rb:247:in `block in require'
	from /home/rakib/.rvm/gems/ruby-2.0.0-p353/gems/activesupport-4.1.0/lib/active_support/dependencies.rb:232:in `load_dependency'
	from /home/rakib/.rvm/gems/ruby-2.0.0-p353/gems/activesupport-4.1.0/lib/active_support/dependencies.rb:247:in `require'
	from /home/rakib/.rvm/gems/ruby-2.0.0-p353/gems/spring-1.1.3/lib/spring/application.rb:92:in `preload'
	from /home/rakib/.rvm/gems/ruby-2.0.0-p353/gems/spring-1.1.3/lib/spring/application.rb:140:in `serve'
	from /home/rakib/.rvm/gems/ruby-2.0.0-p353/gems/spring-1.1.3/lib/spring/application.rb:128:in `block in run'
	from /home/rakib/.rvm/gems/ruby-2.0.0-p353/gems/spring-1.1.3/lib/spring/application.rb:122:in `loop'
	from /home/rakib/.rvm/gems/ruby-2.0.0-p353/gems/spring-1.1.3/lib/spring/application.rb:122:in `run'
	from /home/rakib/.rvm/gems/ruby-2.0.0-p353/gems/spring-1.1.3/lib/spring/application/boot.rb:18:in `<top (required)>'
	from /home/rakib/.rvm/rubies/ruby-2.0.0-p353/lib/ruby/site_ruby/2.0.0/rubygems/core_ext/kernel_require.rb:55:in `require'
	from /home/rakib/.rvm/rubies/ruby-2.0.0-p353/lib/ruby/site_ruby/2.0.0/rubygems/core_ext/kernel_require.rb:55:in `require'
	from -e:1:in `<main>'
/home/rakib/.rvm/gems/ruby-2.0.0-p353/gems/devise-3.2.4/lib/devise/rails/routes.rb:481:in `raise_no_secret_key': Devise.secret_key was not set. Please add the following to your Devise initializer:

  config.secret_key = '778e4e8311e89941ec8b7f024e8a5f01e31734c0acb60c641a40746a86b2dbdb20d87f7e9d31253eae25f78e468f0b42dc0e7e32b5fa6fd9a869f18246e720bf'

Please ensure you restarted your application after installing Devise or setting the key.
 (RuntimeError)
	from /home/rakib/.rvm/gems/ruby-2.0.0-p353/gems/devise-3.2.4/lib/devise/rails/routes.rb:206:in `devise_for'
	from /home/rakib/work_space/odesk/Scheduling/config/routes.rb:3:in `block in <top (required)>'
	from /home/rakib/.rvm/gems/ruby-2.0.0-p353/gems/actionpack-4.1.0/lib/action_dispatch/routing/route_set.rb:335:in `instance_exec'
	from /home/rakib/.rvm/gems/ruby-2.0.0-p353/gems/actionpack-4.1.0/lib/action_dispatch/routing/route_set.rb:335:in `eval_block'
	from /home/rakib/.rvm/gems/ruby-2.0.0-p353/gems/actionpack-4.1.0/lib/action_dispatch/routing/route_set.rb:313:in `draw'
	from /home/rakib/work_space/odesk/Scheduling/config/routes.rb:1:in `<top (required)>'
	from /home/rakib/.rvm/gems/ruby-2.0.0-p353/gems/activesupport-4.1.0/lib/active_support/dependencies.rb:241:in `load'
	from /home/rakib/.rvm/gems/ruby-2.0.0-p353/gems/activesupport-4.1.0/lib/active_support/dependencies.rb:241:in `block in load'
	from /home/rakib/.rvm/gems/ruby-2.0.0-p353/gems/activesupport-4.1.0/lib/active_support/dependencies.rb:232:in `load_dependency'
	from /home/rakib/.rvm/gems/ruby-2.0.0-p353/gems/activesupport-4.1.0/lib/active_support/dependencies.rb:241:in `load'
	from /home/rakib/.rvm/gems/ruby-2.0.0-p353/gems/railties-4.1.0/lib/rails/application/routes_reloader.rb:40:in `block in load_paths'
	from /home/rakib/.rvm/gems/ruby-2.0.0-p353/gems/railties-4.1.0/lib/rails/application/routes_reloader.rb:40:in `each'
	from /home/rakib/.rvm/gems/ruby-2.0.0-p353/gems/railties-4.1.0/lib/rails/application/routes_reloader.rb:40:in `load_paths'
	from /home/rakib/.rvm/gems/ruby-2.0.0-p353/gems/railties-4.1.0/lib/rails/application/routes_reloader.rb:16:in `reload!'
	from /home/rakib/.rvm/gems/ruby-2.0.0-p353/gems/railties-4.1.0/lib/rails/application.rb:149:in `reload_routes!'
	from /home/rakib/.rvm/gems/ruby-2.0.0-p353/gems/devise-3.2.4/lib/devise/rails.rb:14:in `block in <class:Engine>'
	from /home/rakib/.rvm/gems/ruby-2.0.0-p353/gems/activesupport-4.1.0/lib/active_support/lazy_load_hooks.rb:36:in `call'
	from /home/rakib/.rvm/gems/ruby-2.0.0-p353/gems/activesupport-4.1.0/lib/active_support/lazy_load_hooks.rb:36:in `execute_hook'
	from /home/rakib/.rvm/gems/ruby-2.0.0-p353/gems/activesupport-4.1.0/lib/active_support/lazy_load_hooks.rb:45:in `block in run_load_hooks'
	from /home/rakib/.rvm/gems/ruby-2.0.0-p353/gems/activesupport-4.1.0/lib/active_support/lazy_load_hooks.rb:44:in `each'
	from /home/rakib/.rvm/gems/ruby-2.0.0-p353/gems/activesupport-4.1.0/lib/active_support/lazy_load_hooks.rb:44:in `run_load_hooks'
	from /home/rakib/.rvm/gems/ruby-2.0.0-p353/gems/railties-4.1.0/lib/rails/application/finisher.rb:57:in `block in <module:Finisher>'
	from /home/rakib/.rvm/gems/ruby-2.0.0-p353/gems/railties-4.1.0/lib/rails/initializable.rb:30:in `instance_exec'
	from /home/rakib/.rvm/gems/ruby-2.0.0-p353/gems/railties-4.1.0/lib/rails/initializable.rb:30:in `run'
	from /home/rakib/.rvm/gems/ruby-2.0.0-p353/gems/railties-4.1.0/lib/rails/initializable.rb:55:in `block in run_initializers'
	from /home/rakib/.rvm/rubies/ruby-2.0.0-p353/lib/ruby/2.0.0/tsort.rb:150:in `block in tsort_each'
	from /home/rakib/.rvm/rubies/ruby-2.0.0-p353/lib/ruby/2.0.0/tsort.rb:183:in `block (2 levels) in each_strongly_connected_component'
	from /home/rakib/.rvm/rubies/ruby-2.0.0-p353/lib/ruby/2.0.0/tsort.rb:219:in `each_strongly_connected_component_from'
	from /home/rakib/.rvm/rubies/ruby-2.0.0-p353/lib/ruby/2.0.0/tsort.rb:182:in `block in each_strongly_connected_component'
	from /home/rakib/.rvm/rubies/ruby-2.0.0-p353/lib/ruby/2.0.0/tsort.rb:180:in `each'
	from /home/rakib/.rvm/rubies/ruby-2.0.0-p353/lib/ruby/2.0.0/tsort.rb:180:in `each_strongly_connected_component'
	from /home/rakib/.rvm/rubies/ruby-2.0.0-p353/lib/ruby/2.0.0/tsort.rb:148:in `tsort_each'
	from /home/rakib/.rvm/gems/ruby-2.0.0-p353/gems/railties-4.1.0/lib/rails/initializable.rb:54:in `run_initializers'
	from /home/rakib/.rvm/gems/ruby-2.0.0-p353/gems/railties-4.1.0/lib/rails/application.rb:288:in `initialize!'
	from /home/rakib/work_space/odesk/Scheduling/config/environment.rb:5:in `<top (required)>'
	from /home/rakib/.rvm/gems/ruby-2.0.0-p353/gems/activesupport-4.1.0/lib/active_support/dependencies.rb:247:in `require'
	from /home/rakib/.rvm/gems/ruby-2.0.0-p353/gems/activesupport-4.1.0/lib/active_support/dependencies.rb:247:in `block in require'
	from /home/rakib/.rvm/gems/ruby-2.0.0-p353/gems/activesupport-4.1.0/lib/active_support/dependencies.rb:232:in `load_dependency'
	from /home/rakib/.rvm/gems/ruby-2.0.0-p353/gems/activesupport-4.1.0/lib/active_support/dependencies.rb:247:in `require'
	from /home/rakib/.rvm/gems/ruby-2.0.0-p353/gems/spring-1.1.3/lib/spring/application.rb:92:in `preload'
	from /home/rakib/.rvm/gems/ruby-2.0.0-p353/gems/spring-1.1.3/lib/spring/application.rb:140:in `serve'
	from /home/rakib/.rvm/gems/ruby-2.0.0-p353/gems/spring-1.1.3/lib/spring/application.rb:128:in `block in run'
	from /home/rakib/.rvm/gems/ruby-2.0.0-p353/gems/spring-1.1.3/lib/spring/application.rb:122:in `loop'
	from /home/rakib/.rvm/gems/ruby-2.0.0-p353/gems/spring-1.1.3/lib/spring/application.rb:122:in `run'
	from /home/rakib/.rvm/gems/ruby-2.0.0-p353/gems/spring-1.1.3/lib/spring/application/boot.rb:18:in `<top (required)>'
	from /home/rakib/.rvm/rubies/ruby-2.0.0-p353/lib/ruby/site_ruby/2.0.0/rubygems/core_ext/kernel_require.rb:55:in `require'
	from /home/rakib/.rvm/rubies/ruby-2.0.0-p353/lib/ruby/site_ruby/2.0.0/rubygems/core_ext/kernel_require.rb:55:in `require'
	from -e:1:in `<main>'
/home/rakib/.rvm/gems/ruby-2.0.0-p353/gems/devise-3.2.4/lib/devise/rails/routes.rb:481:in `raise_no_secret_key': Devise.secret_key was not set. Please add the following to your Devise initializer:

  config.secret_key = '478a44f4545ef610e2f1e23bf4d9d4f80155306baaec6ba6eb9956416e041c7195d024235a133a1532d854b7d7ff01f9cef9f7f2406c73d102e3c42ae5191d1d'

Please ensure you restarted your application after installing Devise or setting the key.
 (RuntimeError)
	from /home/rakib/.rvm/gems/ruby-2.0.0-p353/gems/devise-3.2.4/lib/devise/rails/routes.rb:206:in `devise_for'
	from /home/rakib/work_space/odesk/Scheduling/config/routes.rb:3:in `block in <top (required)>'
	from /home/rakib/.rvm/gems/ruby-2.0.0-p353/gems/actionpack-4.1.0/lib/action_dispatch/routing/route_set.rb:335:in `instance_exec'
	from /home/rakib/.rvm/gems/ruby-2.0.0-p353/gems/actionpack-4.1.0/lib/action_dispatch/routing/route_set.rb:335:in `eval_block'
	from /home/rakib/.rvm/gems/ruby-2.0.0-p353/gems/actionpack-4.1.0/lib/action_dispatch/routing/route_set.rb:313:in `draw'
	from /home/rakib/work_space/odesk/Scheduling/config/routes.rb:1:in `<top (required)>'
	from /home/rakib/.rvm/gems/ruby-2.0.0-p353/gems/activesupport-4.1.0/lib/active_support/dependencies.rb:241:in `load'
	from /home/rakib/.rvm/gems/ruby-2.0.0-p353/gems/activesupport-4.1.0/lib/active_support/dependencies.rb:241:in `block in load'
	from /home/rakib/.rvm/gems/ruby-2.0.0-p353/gems/activesupport-4.1.0/lib/active_support/dependencies.rb:232:in `load_dependency'
	from /home/rakib/.rvm/gems/ruby-2.0.0-p353/gems/activesupport-4.1.0/lib/active_support/dependencies.rb:241:in `load'
	from /home/rakib/.rvm/gems/ruby-2.0.0-p353/gems/railties-4.1.0/lib/rails/application/routes_reloader.rb:40:in `block in load_paths'
	from /home/rakib/.rvm/gems/ruby-2.0.0-p353/gems/railties-4.1.0/lib/rails/application/routes_reloader.rb:40:in `each'
	from /home/rakib/.rvm/gems/ruby-2.0.0-p353/gems/railties-4.1.0/lib/rails/application/routes_reloader.rb:40:in `load_paths'
	from /home/rakib/.rvm/gems/ruby-2.0.0-p353/gems/railties-4.1.0/lib/rails/application/routes_reloader.rb:16:in `reload!'
	from /home/rakib/.rvm/gems/ruby-2.0.0-p353/gems/railties-4.1.0/lib/rails/application.rb:149:in `reload_routes!'
	from /home/rakib/.rvm/gems/ruby-2.0.0-p353/gems/devise-3.2.4/lib/devise/rails.rb:14:in `block in <class:Engine>'
	from /home/rakib/.rvm/gems/ruby-2.0.0-p353/gems/activesupport-4.1.0/lib/active_support/lazy_load_hooks.rb:36:in `call'
	from /home/rakib/.rvm/gems/ruby-2.0.0-p353/gems/activesupport-4.1.0/lib/active_support/lazy_load_hooks.rb:36:in `execute_hook'
	from /home/rakib/.rvm/gems/ruby-2.0.0-p353/gems/activesupport-4.1.0/lib/active_support/lazy_load_hooks.rb:45:in `block in run_load_hooks'
	from /home/rakib/.rvm/gems/ruby-2.0.0-p353/gems/activesupport-4.1.0/lib/active_support/lazy_load_hooks.rb:44:in `each'
	from /home/rakib/.rvm/gems/ruby-2.0.0-p353/gems/activesupport-4.1.0/lib/active_support/lazy_load_hooks.rb:44:in `run_load_hooks'
	from /home/rakib/.rvm/gems/ruby-2.0.0-p353/gems/railties-4.1.0/lib/rails/application/finisher.rb:57:in `block in <module:Finisher>'
	from /home/rakib/.rvm/gems/ruby-2.0.0-p353/gems/railties-4.1.0/lib/rails/initializable.rb:30:in `instance_exec'
	from /home/rakib/.rvm/gems/ruby-2.0.0-p353/gems/railties-4.1.0/lib/rails/initializable.rb:30:in `run'
	from /home/rakib/.rvm/gems/ruby-2.0.0-p353/gems/railties-4.1.0/lib/rails/initializable.rb:55:in `block in run_initializers'
	from /home/rakib/.rvm/rubies/ruby-2.0.0-p353/lib/ruby/2.0.0/tsort.rb:150:in `block in tsort_each'
	from /home/rakib/.rvm/rubies/ruby-2.0.0-p353/lib/ruby/2.0.0/tsort.rb:183:in `block (2 levels) in each_strongly_connected_component'
	from /home/rakib/.rvm/rubies/ruby-2.0.0-p353/lib/ruby/2.0.0/tsort.rb:219:in `each_strongly_connected_component_from'
	from /home/rakib/.rvm/rubies/ruby-2.0.0-p353/lib/ruby/2.0.0/tsort.rb:182:in `block in each_strongly_connected_component'
	from /home/rakib/.rvm/rubies/ruby-2.0.0-p353/lib/ruby/2.0.0/tsort.rb:180:in `each'
	from /home/rakib/.rvm/rubies/ruby-2.0.0-p353/lib/ruby/2.0.0/tsort.rb:180:in `each_strongly_connected_component'
	from /home/rakib/.rvm/rubies/ruby-2.0.0-p353/lib/ruby/2.0.0/tsort.rb:148:in `tsort_each'
	from /home/rakib/.rvm/gems/ruby-2.0.0-p353/gems/railties-4.1.0/lib/rails/initializable.rb:54:in `run_initializers'
	from /home/rakib/.rvm/gems/ruby-2.0.0-p353/gems/railties-4.1.0/lib/rails/application.rb:288:in `initialize!'
	from /home/rakib/work_space/odesk/Scheduling/config/environment.rb:5:in `<top (required)>'
	from /home/rakib/.rvm/gems/ruby-2.0.0-p353/gems/activesupport-4.1.0/lib/active_support/dependencies.rb:247:in `require'
	from /home/rakib/.rvm/gems/ruby-2.0.0-p353/gems/activesupport-4.1.0/lib/active_support/dependencies.rb:247:in `block in require'
	from /home/rakib/.rvm/gems/ruby-2.0.0-p353/gems/activesupport-4.1.0/lib/active_support/dependencies.rb:232:in `load_dependency'
	from /home/rakib/.rvm/gems/ruby-2.0.0-p353/gems/activesupport-4.1.0/lib/active_support/dependencies.rb:247:in `require'
	from /home/rakib/.rvm/gems/ruby-2.0.0-p353/gems/spring-1.1.3/lib/spring/application.rb:92:in `preload'
	from /home/rakib/.rvm/gems/ruby-2.0.0-p353/gems/spring-1.1.3/lib/spring/application.rb:140:in `serve'
	from /home/rakib/.rvm/gems/ruby-2.0.0-p353/gems/spring-1.1.3/lib/spring/application.rb:128:in `block in run'
	from /home/rakib/.rvm/gems/ruby-2.0.0-p353/gems/spring-1.1.3/lib/spring/application.rb:122:in `loop'
	from /home/rakib/.rvm/gems/ruby-2.0.0-p353/gems/spring-1.1.3/lib/spring/application.rb:122:in `run'
	from /home/rakib/.rvm/gems/ruby-2.0.0-p353/gems/spring-1.1.3/lib/spring/application/boot.rb:18:in `<top (required)>'
	from /home/rakib/.rvm/rubies/ruby-2.0.0-p353/lib/ruby/site_ruby/2.0.0/rubygems/core_ext/kernel_require.rb:55:in `require'
	from /home/rakib/.rvm/rubies/ruby-2.0.0-p353/lib/ruby/site_ruby/2.0.0/rubygems/core_ext/kernel_require.rb:55:in `require'
	from -e:1:in `<main>'
/home/rakib/.rvm/gems/ruby-2.0.0-p353/gems/devise-3.2.4/lib/devise/rails/routes.rb:481:in `raise_no_secret_key': Devise.secret_key was not set. Please add the following to your Devise initializer:

  config.secret_key = '331ce2abe28319edd2f4c4d3b420039294ccc1f72702a0f6896863c69e815fad3b189662641c50116e30ba34c6b4b55f107df126a0d4fbfa7cfed0c8436e2a9c'

Please ensure you restarted your application after installing Devise or setting the key.
 (RuntimeError)
	from /home/rakib/.rvm/gems/ruby-2.0.0-p353/gems/devise-3.2.4/lib/devise/rails/routes.rb:206:in `devise_for'
	from /home/rakib/work_space/odesk/Scheduling/config/routes.rb:3:in `block in <top (required)>'
	from /home/rakib/.rvm/gems/ruby-2.0.0-p353/gems/actionpack-4.1.0/lib/action_dispatch/routing/route_set.rb:335:in `instance_exec'
	from /home/rakib/.rvm/gems/ruby-2.0.0-p353/gems/actionpack-4.1.0/lib/action_dispatch/routing/route_set.rb:335:in `eval_block'
	from /home/rakib/.rvm/gems/ruby-2.0.0-p353/gems/actionpack-4.1.0/lib/action_dispatch/routing/route_set.rb:313:in `draw'
	from /home/rakib/work_space/odesk/Scheduling/config/routes.rb:1:in `<top (required)>'
	from /home/rakib/.rvm/gems/ruby-2.0.0-p353/gems/activesupport-4.1.0/lib/active_support/dependencies.rb:241:in `load'
	from /home/rakib/.rvm/gems/ruby-2.0.0-p353/gems/activesupport-4.1.0/lib/active_support/dependencies.rb:241:in `block in load'
	from /home/rakib/.rvm/gems/ruby-2.0.0-p353/gems/activesupport-4.1.0/lib/active_support/dependencies.rb:232:in `load_dependency'
	from /home/rakib/.rvm/gems/ruby-2.0.0-p353/gems/activesupport-4.1.0/lib/active_support/dependencies.rb:241:in `load'
	from /home/rakib/.rvm/gems/ruby-2.0.0-p353/gems/railties-4.1.0/lib/rails/application/routes_reloader.rb:40:in `block in load_paths'
	from /home/rakib/.rvm/gems/ruby-2.0.0-p353/gems/railties-4.1.0/lib/rails/application/routes_reloader.rb:40:in `each'
	from /home/rakib/.rvm/gems/ruby-2.0.0-p353/gems/railties-4.1.0/lib/rails/application/routes_reloader.rb:40:in `load_paths'
	from /home/rakib/.rvm/gems/ruby-2.0.0-p353/gems/railties-4.1.0/lib/rails/application/routes_reloader.rb:16:in `reload!'
	from /home/rakib/.rvm/gems/ruby-2.0.0-p353/gems/railties-4.1.0/lib/rails/application.rb:149:in `reload_routes!'
	from /home/rakib/.rvm/gems/ruby-2.0.0-p353/gems/devise-3.2.4/lib/devise/rails.rb:14:in `block in <class:Engine>'
	from /home/rakib/.rvm/gems/ruby-2.0.0-p353/gems/activesupport-4.1.0/lib/active_support/lazy_load_hooks.rb:36:in `call'
	from /home/rakib/.rvm/gems/ruby-2.0.0-p353/gems/activesupport-4.1.0/lib/active_support/lazy_load_hooks.rb:36:in `execute_hook'
	from /home/rakib/.rvm/gems/ruby-2.0.0-p353/gems/activesupport-4.1.0/lib/active_support/lazy_load_hooks.rb:45:in `block in run_load_hooks'
	from /home/rakib/.rvm/gems/ruby-2.0.0-p353/gems/activesupport-4.1.0/lib/active_support/lazy_load_hooks.rb:44:in `each'
	from /home/rakib/.rvm/gems/ruby-2.0.0-p353/gems/activesupport-4.1.0/lib/active_support/lazy_load_hooks.rb:44:in `run_load_hooks'
	from /home/rakib/.rvm/gems/ruby-2.0.0-p353/gems/railties-4.1.0/lib/rails/application/finisher.rb:57:in `block in <module:Finisher>'
	from /home/rakib/.rvm/gems/ruby-2.0.0-p353/gems/railties-4.1.0/lib/rails/initializable.rb:30:in `instance_exec'
	from /home/rakib/.rvm/gems/ruby-2.0.0-p353/gems/railties-4.1.0/lib/rails/initializable.rb:30:in `run'
	from /home/rakib/.rvm/gems/ruby-2.0.0-p353/gems/railties-4.1.0/lib/rails/initializable.rb:55:in `block in run_initializers'
	from /home/rakib/.rvm/rubies/ruby-2.0.0-p353/lib/ruby/2.0.0/tsort.rb:150:in `block in tsort_each'
	from /home/rakib/.rvm/rubies/ruby-2.0.0-p353/lib/ruby/2.0.0/tsort.rb:183:in `block (2 levels) in each_strongly_connected_component'
	from /home/rakib/.rvm/rubies/ruby-2.0.0-p353/lib/ruby/2.0.0/tsort.rb:219:in `each_strongly_connected_component_from'
	from /home/rakib/.rvm/rubies/ruby-2.0.0-p353/lib/ruby/2.0.0/tsort.rb:182:in `block in each_strongly_connected_component'
	from /home/rakib/.rvm/rubies/ruby-2.0.0-p353/lib/ruby/2.0.0/tsort.rb:180:in `each'
	from /home/rakib/.rvm/rubies/ruby-2.0.0-p353/lib/ruby/2.0.0/tsort.rb:180:in `each_strongly_connected_component'
	from /home/rakib/.rvm/rubies/ruby-2.0.0-p353/lib/ruby/2.0.0/tsort.rb:148:in `tsort_each'
	from /home/rakib/.rvm/gems/ruby-2.0.0-p353/gems/railties-4.1.0/lib/rails/initializable.rb:54:in `run_initializers'
	from /home/rakib/.rvm/gems/ruby-2.0.0-p353/gems/railties-4.1.0/lib/rails/application.rb:288:in `initialize!'
	from /home/rakib/work_space/odesk/Scheduling/config/environment.rb:5:in `<top (required)>'
	from /home/rakib/.rvm/gems/ruby-2.0.0-p353/gems/activesupport-4.1.0/lib/active_support/dependencies.rb:247:in `require'
	from /home/rakib/.rvm/gems/ruby-2.0.0-p353/gems/activesupport-4.1.0/lib/active_support/dependencies.rb:247:in `block in require'
	from /home/rakib/.rvm/gems/ruby-2.0.0-p353/gems/activesupport-4.1.0/lib/active_support/dependencies.rb:232:in `load_dependency'
	from /home/rakib/.rvm/gems/ruby-2.0.0-p353/gems/activesupport-4.1.0/lib/active_support/dependencies.rb:247:in `require'
	from /home/rakib/.rvm/gems/ruby-2.0.0-p353/gems/spring-1.1.3/lib/spring/application.rb:92:in `preload'
	from /home/rakib/.rvm/gems/ruby-2.0.0-p353/gems/spring-1.1.3/lib/spring/application.rb:140:in `serve'
	from /home/rakib/.rvm/gems/ruby-2.0.0-p353/gems/spring-1.1.3/lib/spring/application.rb:128:in `block in run'
	from /home/rakib/.rvm/gems/ruby-2.0.0-p353/gems/spring-1.1.3/lib/spring/application.rb:122:in `loop'
	from /home/rakib/.rvm/gems/ruby-2.0.0-p353/gems/spring-1.1.3/lib/spring/application.rb:122:in `run'
	from /home/rakib/.rvm/gems/ruby-2.0.0-p353/gems/spring-1.1.3/lib/spring/application/boot.rb:18:in `<top (required)>'
	from /home/rakib/.rvm/rubies/ruby-2.0.0-p353/lib/ruby/site_ruby/2.0.0/rubygems/core_ext/kernel_require.rb:55:in `require'
	from /home/rakib/.rvm/rubies/ruby-2.0.0-p353/lib/ruby/site_ruby/2.0.0/rubygems/core_ext/kernel_require.rb:55:in `require'
	from -e:1:in `<main>'
/home/rakib/.rvm/gems/ruby-2.0.0-p353/gems/devise-3.2.4/lib/devise/rails/routes.rb:481:in `raise_no_secret_key': Devise.secret_key was not set. Please add the following to your Devise initializer:

  config.secret_key = '5ae8d94c2c5c3b940cf0dd6dcaf404d2c6753dd06ec2c0893440016c324cdaf999f8e491e7629606ae81a824065eccef16bb9f46f01dc459b8b8b84a4405a615'

Please ensure you restarted your application after installing Devise or setting the key.
 (RuntimeError)
	from /home/rakib/.rvm/gems/ruby-2.0.0-p353/gems/devise-3.2.4/lib/devise/rails/routes.rb:206:in `devise_for'
	from /home/rakib/work_space/odesk/Scheduling/config/routes.rb:3:in `block in <top (required)>'
	from /home/rakib/.rvm/gems/ruby-2.0.0-p353/gems/actionpack-4.1.0/lib/action_dispatch/routing/route_set.rb:335:in `instance_exec'
	from /home/rakib/.rvm/gems/ruby-2.0.0-p353/gems/actionpack-4.1.0/lib/action_dispatch/routing/route_set.rb:335:in `eval_block'
	from /home/rakib/.rvm/gems/ruby-2.0.0-p353/gems/actionpack-4.1.0/lib/action_dispatch/routing/route_set.rb:313:in `draw'
	from /home/rakib/work_space/odesk/Scheduling/config/routes.rb:1:in `<top (required)>'
	from /home/rakib/.rvm/gems/ruby-2.0.0-p353/gems/activesupport-4.1.0/lib/active_support/dependencies.rb:241:in `load'
	from /home/rakib/.rvm/gems/ruby-2.0.0-p353/gems/activesupport-4.1.0/lib/active_support/dependencies.rb:241:in `block in load'
	from /home/rakib/.rvm/gems/ruby-2.0.0-p353/gems/activesupport-4.1.0/lib/active_support/dependencies.rb:232:in `load_dependency'
	from /home/rakib/.rvm/gems/ruby-2.0.0-p353/gems/activesupport-4.1.0/lib/active_support/dependencies.rb:241:in `load'
	from /home/rakib/.rvm/gems/ruby-2.0.0-p353/gems/railties-4.1.0/lib/rails/application/routes_reloader.rb:40:in `block in load_paths'
	from /home/rakib/.rvm/gems/ruby-2.0.0-p353/gems/railties-4.1.0/lib/rails/application/routes_reloader.rb:40:in `each'
	from /home/rakib/.rvm/gems/ruby-2.0.0-p353/gems/railties-4.1.0/lib/rails/application/routes_reloader.rb:40:in `load_paths'
	from /home/rakib/.rvm/gems/ruby-2.0.0-p353/gems/railties-4.1.0/lib/rails/application/routes_reloader.rb:16:in `reload!'
	from /home/rakib/.rvm/gems/ruby-2.0.0-p353/gems/railties-4.1.0/lib/rails/application.rb:149:in `reload_routes!'
	from /home/rakib/.rvm/gems/ruby-2.0.0-p353/gems/devise-3.2.4/lib/devise/rails.rb:14:in `block in <class:Engine>'
	from /home/rakib/.rvm/gems/ruby-2.0.0-p353/gems/activesupport-4.1.0/lib/active_support/lazy_load_hooks.rb:36:in `call'
	from /home/rakib/.rvm/gems/ruby-2.0.0-p353/gems/activesupport-4.1.0/lib/active_support/lazy_load_hooks.rb:36:in `execute_hook'
	from /home/rakib/.rvm/gems/ruby-2.0.0-p353/gems/activesupport-4.1.0/lib/active_support/lazy_load_hooks.rb:45:in `block in run_load_hooks'
	from /home/rakib/.rvm/gems/ruby-2.0.0-p353/gems/activesupport-4.1.0/lib/active_support/lazy_load_hooks.rb:44:in `each'
	from /home/rakib/.rvm/gems/ruby-2.0.0-p353/gems/activesupport-4.1.0/lib/active_support/lazy_load_hooks.rb:44:in `run_load_hooks'
	from /home/rakib/.rvm/gems/ruby-2.0.0-p353/gems/railties-4.1.0/lib/rails/application/finisher.rb:57:in `block in <module:Finisher>'
	from /home/rakib/.rvm/gems/ruby-2.0.0-p353/gems/railties-4.1.0/lib/rails/initializable.rb:30:in `instance_exec'
	from /home/rakib/.rvm/gems/ruby-2.0.0-p353/gems/railties-4.1.0/lib/rails/initializable.rb:30:in `run'
	from /home/rakib/.rvm/gems/ruby-2.0.0-p353/gems/railties-4.1.0/lib/rails/initializable.rb:55:in `block in run_initializers'
	from /home/rakib/.rvm/rubies/ruby-2.0.0-p353/lib/ruby/2.0.0/tsort.rb:150:in `block in tsort_each'
	from /home/rakib/.rvm/rubies/ruby-2.0.0-p353/lib/ruby/2.0.0/tsort.rb:183:in `block (2 levels) in each_strongly_connected_component'
	from /home/rakib/.rvm/rubies/ruby-2.0.0-p353/lib/ruby/2.0.0/tsort.rb:219:in `each_strongly_connected_component_from'
	from /home/rakib/.rvm/rubies/ruby-2.0.0-p353/lib/ruby/2.0.0/tsort.rb:182:in `block in each_strongly_connected_component'
	from /home/rakib/.rvm/rubies/ruby-2.0.0-p353/lib/ruby/2.0.0/tsort.rb:180:in `each'
	from /home/rakib/.rvm/rubies/ruby-2.0.0-p353/lib/ruby/2.0.0/tsort.rb:180:in `each_strongly_connected_component'
	from /home/rakib/.rvm/rubies/ruby-2.0.0-p353/lib/ruby/2.0.0/tsort.rb:148:in `tsort_each'
	from /home/rakib/.rvm/gems/ruby-2.0.0-p353/gems/railties-4.1.0/lib/rails/initializable.rb:54:in `run_initializers'
	from /home/rakib/.rvm/gems/ruby-2.0.0-p353/gems/railties-4.1.0/lib/rails/application.rb:288:in `initialize!'
	from /home/rakib/work_space/odesk/Scheduling/config/environment.rb:5:in `<top (required)>'
	from /home/rakib/.rvm/gems/ruby-2.0.0-p353/gems/activesupport-4.1.0/lib/active_support/dependencies.rb:247:in `require'
	from /home/rakib/.rvm/gems/ruby-2.0.0-p353/gems/activesupport-4.1.0/lib/active_support/dependencies.rb:247:in `block in require'
	from /home/rakib/.rvm/gems/ruby-2.0.0-p353/gems/activesupport-4.1.0/lib/active_support/dependencies.rb:232:in `load_dependency'
	from /home/rakib/.rvm/gems/ruby-2.0.0-p353/gems/activesupport-4.1.0/lib/active_support/dependencies.rb:247:in `require'
	from /home/rakib/.rvm/gems/ruby-2.0.0-p353/gems/spring-1.1.3/lib/spring/application.rb:92:in `preload'
	from /home/rakib/.rvm/gems/ruby-2.0.0-p353/gems/spring-1.1.3/lib/spring/application.rb:140:in `serve'
	from /home/rakib/.rvm/gems/ruby-2.0.0-p353/gems/spring-1.1.3/lib/spring/application.rb:128:in `block in run'
	from /home/rakib/.rvm/gems/ruby-2.0.0-p353/gems/spring-1.1.3/lib/spring/application.rb:122:in `loop'
	from /home/rakib/.rvm/gems/ruby-2.0.0-p353/gems/spring-1.1.3/lib/spring/application.rb:122:in `run'
	from /home/rakib/.rvm/gems/ruby-2.0.0-p353/gems/spring-1.1.3/lib/spring/application/boot.rb:18:in `<top (required)>'
	from /home/rakib/.rvm/rubies/ruby-2.0.0-p353/lib/ruby/site_ruby/2.0.0/rubygems/core_ext/kernel_require.rb:55:in `require'
	from /home/rakib/.rvm/rubies/ruby-2.0.0-p353/lib/ruby/site_ruby/2.0.0/rubygems/core_ext/kernel_require.rb:55:in `require'
	from -e:1:in `<main>'
/home/rakib/.rvm/gems/ruby-2.0.0-p353/gems/devise-3.2.4/lib/devise/rails/routes.rb:481:in `raise_no_secret_key': Devise.secret_key was not set. Please add the following to your Devise initializer:

  config.secret_key = '285a9cff6b27f7c8619540c7be5173e9fa65a937ce8ab3a9e8f046cae12a0a60e1b44349755522e7bdd8fb47f24c0feda2bd45a5894cac04bc1efb4b07ec1571'

Please ensure you restarted your application after installing Devise or setting the key.
 (RuntimeError)
	from /home/rakib/.rvm/gems/ruby-2.0.0-p353/gems/devise-3.2.4/lib/devise/rails/routes.rb:206:in `devise_for'
	from /home/rakib/work_space/odesk/Scheduling/config/routes.rb:3:in `block in <top (required)>'
	from /home/rakib/.rvm/gems/ruby-2.0.0-p353/gems/actionpack-4.1.0/lib/action_dispatch/routing/route_set.rb:335:in `instance_exec'
	from /home/rakib/.rvm/gems/ruby-2.0.0-p353/gems/actionpack-4.1.0/lib/action_dispatch/routing/route_set.rb:335:in `eval_block'
	from /home/rakib/.rvm/gems/ruby-2.0.0-p353/gems/actionpack-4.1.0/lib/action_dispatch/routing/route_set.rb:313:in `draw'
	from /home/rakib/work_space/odesk/Scheduling/config/routes.rb:1:in `<top (required)>'
	from /home/rakib/.rvm/gems/ruby-2.0.0-p353/gems/activesupport-4.1.0/lib/active_support/dependencies.rb:241:in `load'
	from /home/rakib/.rvm/gems/ruby-2.0.0-p353/gems/activesupport-4.1.0/lib/active_support/dependencies.rb:241:in `block in load'
	from /home/rakib/.rvm/gems/ruby-2.0.0-p353/gems/activesupport-4.1.0/lib/active_support/dependencies.rb:232:in `load_dependency'
	from /home/rakib/.rvm/gems/ruby-2.0.0-p353/gems/activesupport-4.1.0/lib/active_support/dependencies.rb:241:in `load'
	from /home/rakib/.rvm/gems/ruby-2.0.0-p353/gems/railties-4.1.0/lib/rails/application/routes_reloader.rb:40:in `block in load_paths'
	from /home/rakib/.rvm/gems/ruby-2.0.0-p353/gems/railties-4.1.0/lib/rails/application/routes_reloader.rb:40:in `each'
	from /home/rakib/.rvm/gems/ruby-2.0.0-p353/gems/railties-4.1.0/lib/rails/application/routes_reloader.rb:40:in `load_paths'
	from /home/rakib/.rvm/gems/ruby-2.0.0-p353/gems/railties-4.1.0/lib/rails/application/routes_reloader.rb:16:in `reload!'
	from /home/rakib/.rvm/gems/ruby-2.0.0-p353/gems/railties-4.1.0/lib/rails/application.rb:149:in `reload_routes!'
	from /home/rakib/.rvm/gems/ruby-2.0.0-p353/gems/devise-3.2.4/lib/devise/rails.rb:14:in `block in <class:Engine>'
	from /home/rakib/.rvm/gems/ruby-2.0.0-p353/gems/activesupport-4.1.0/lib/active_support/lazy_load_hooks.rb:36:in `call'
	from /home/rakib/.rvm/gems/ruby-2.0.0-p353/gems/activesupport-4.1.0/lib/active_support/lazy_load_hooks.rb:36:in `execute_hook'
	from /home/rakib/.rvm/gems/ruby-2.0.0-p353/gems/activesupport-4.1.0/lib/active_support/lazy_load_hooks.rb:45:in `block in run_load_hooks'
	from /home/rakib/.rvm/gems/ruby-2.0.0-p353/gems/activesupport-4.1.0/lib/active_support/lazy_load_hooks.rb:44:in `each'
	from /home/rakib/.rvm/gems/ruby-2.0.0-p353/gems/activesupport-4.1.0/lib/active_support/lazy_load_hooks.rb:44:in `run_load_hooks'
	from /home/rakib/.rvm/gems/ruby-2.0.0-p353/gems/railties-4.1.0/lib/rails/application/finisher.rb:57:in `block in <module:Finisher>'
	from /home/rakib/.rvm/gems/ruby-2.0.0-p353/gems/railties-4.1.0/lib/rails/initializable.rb:30:in `instance_exec'
	from /home/rakib/.rvm/gems/ruby-2.0.0-p353/gems/railties-4.1.0/lib/rails/initializable.rb:30:in `run'
	from /home/rakib/.rvm/gems/ruby-2.0.0-p353/gems/railties-4.1.0/lib/rails/initializable.rb:55:in `block in run_initializers'
	from /home/rakib/.rvm/rubies/ruby-2.0.0-p353/lib/ruby/2.0.0/tsort.rb:150:in `block in tsort_each'
	from /home/rakib/.rvm/rubies/ruby-2.0.0-p353/lib/ruby/2.0.0/tsort.rb:183:in `block (2 levels) in each_strongly_connected_component'
	from /home/rakib/.rvm/rubies/ruby-2.0.0-p353/lib/ruby/2.0.0/tsort.rb:219:in `each_strongly_connected_component_from'
	from /home/rakib/.rvm/rubies/ruby-2.0.0-p353/lib/ruby/2.0.0/tsort.rb:182:in `block in each_strongly_connected_component'
	from /home/rakib/.rvm/rubies/ruby-2.0.0-p353/lib/ruby/2.0.0/tsort.rb:180:in `each'
	from /home/rakib/.rvm/rubies/ruby-2.0.0-p353/lib/ruby/2.0.0/tsort.rb:180:in `each_strongly_connected_component'
	from /home/rakib/.rvm/rubies/ruby-2.0.0-p353/lib/ruby/2.0.0/tsort.rb:148:in `tsort_each'
	from /home/rakib/.rvm/gems/ruby-2.0.0-p353/gems/railties-4.1.0/lib/rails/initializable.rb:54:in `run_initializers'
	from /home/rakib/.rvm/gems/ruby-2.0.0-p353/gems/railties-4.1.0/lib/rails/application.rb:288:in `initialize!'
	from /home/rakib/work_space/odesk/Scheduling/config/environment.rb:5:in `<top (required)>'
	from /home/rakib/.rvm/gems/ruby-2.0.0-p353/gems/activesupport-4.1.0/lib/active_support/dependencies.rb:247:in `require'
	from /home/rakib/.rvm/gems/ruby-2.0.0-p353/gems/activesupport-4.1.0/lib/active_support/dependencies.rb:247:in `block in require'
	from /home/rakib/.rvm/gems/ruby-2.0.0-p353/gems/activesupport-4.1.0/lib/active_support/dependencies.rb:232:in `load_dependency'
	from /home/rakib/.rvm/gems/ruby-2.0.0-p353/gems/activesupport-4.1.0/lib/active_support/dependencies.rb:247:in `require'
	from /home/rakib/.rvm/gems/ruby-2.0.0-p353/gems/spring-1.1.3/lib/spring/application.rb:92:in `preload'
	from /home/rakib/.rvm/gems/ruby-2.0.0-p353/gems/spring-1.1.3/lib/spring/application.rb:140:in `serve'
	from /home/rakib/.rvm/gems/ruby-2.0.0-p353/gems/spring-1.1.3/lib/spring/application.rb:128:in `block in run'
	from /home/rakib/.rvm/gems/ruby-2.0.0-p353/gems/spring-1.1.3/lib/spring/application.rb:122:in `loop'
	from /home/rakib/.rvm/gems/ruby-2.0.0-p353/gems/spring-1.1.3/lib/spring/application.rb:122:in `run'
	from /home/rakib/.rvm/gems/ruby-2.0.0-p353/gems/spring-1.1.3/lib/spring/application/boot.rb:18:in `<top (required)>'
	from /home/rakib/.rvm/rubies/ruby-2.0.0-p353/lib/ruby/site_ruby/2.0.0/rubygems/core_ext/kernel_require.rb:55:in `require'
	from /home/rakib/.rvm/rubies/ruby-2.0.0-p353/lib/ruby/site_ruby/2.0.0/rubygems/core_ext/kernel_require.rb:55:in `require'
	from -e:1:in `<main>'
